{"/home/user/agiota-discord-bot/src/application/debt/AddDebtUseCase.ts": {"path":"/home/user/agiota-discord-bot/src/application/debt/AddDebtUseCase.ts","statementMap":{"0":{"start":{"line":2,"column":0},"end":{"line":2,"column":53}},"1":{"start":{"line":3,"column":0},"end":{"line":3,"column":51}},"2":{"start":{"line":15,"column":31},"end":{"line":15,"column":56}},"3":{"start":{"line":18,"column":4},"end":{"line":24,"column":null}},"4":{"start":{"line":19,"column":23},"end":{"line":19,"column":63}},"5":{"start":{"line":20,"column":19},"end":{"line":20,"column":63}},"6":{"start":{"line":21,"column":22},"end":{"line":21,"column":74}},"7":{"start":{"line":22,"column":6},"end":{"line":22,"column":null}},"8":{"start":{"line":23,"column":6},"end":{"line":23,"column":null}},"9":{"start":{"line":14,"column":0},"end":{"line":14,"column":13}}},"fnMap":{"0":{"name":"(anonymous_0)","decl":{"start":{"line":15,"column":2},"end":{"line":15,"column":31}},"loc":{"start":{"line":15,"column":56},"end":{"line":15,"column":60}}},"1":{"name":"(anonymous_1)","decl":{"start":{"line":17,"column":2},"end":{"line":17,"column":7}},"loc":{"start":{"line":17,"column":31},"end":{"line":25,"column":3}}},"2":{"name":"(anonymous_2)","decl":{"start":{"line":18,"column":28},"end":{"line":18,"column":33}},"loc":{"start":{"line":18,"column":39},"end":{"line":24,"column":5}}}},"branchMap":{"0":{"loc":{"start":{"line":20,"column":19},"end":{"line":20,"column":63}},"type":"binary-expr","locations":[{"start":{"line":20,"column":19},"end":{"line":20,"column":27}},{"start":{"line":20,"column":31},"end":{"line":20,"column":63}}]}},"s":{"0":2,"1":2,"2":11,"3":12,"4":12,"5":12,"6":12,"7":10,"8":10,"9":2},"f":{"0":11,"1":12,"2":12},"b":{"0":[12,11]}}
,"/home/user/agiota-discord-bot/src/application/debt/PayDebtUseCase.ts": {"path":"/home/user/agiota-discord-bot/src/application/debt/PayDebtUseCase.ts","statementMap":{"0":{"start":{"line":3,"column":0},"end":{"line":3,"column":51}},"1":{"start":{"line":12,"column":31},"end":{"line":12,"column":56}},"2":{"start":{"line":15,"column":4},"end":{"line":29,"column":null}},"3":{"start":{"line":16,"column":19},"end":{"line":16,"column":59}},"4":{"start":{"line":18,"column":6},"end":{"line":20,"column":7}},"5":{"start":{"line":19,"column":8},"end":{"line":19,"column":null}},"6":{"start":{"line":22,"column":6},"end":{"line":24,"column":7}},"7":{"start":{"line":23,"column":8},"end":{"line":23,"column":null}},"8":{"start":{"line":26,"column":22},"end":{"line":26,"column":51}},"9":{"start":{"line":27,"column":6},"end":{"line":27,"column":null}},"10":{"start":{"line":28,"column":6},"end":{"line":28,"column":null}},"11":{"start":{"line":11,"column":0},"end":{"line":11,"column":13}}},"fnMap":{"0":{"name":"(anonymous_0)","decl":{"start":{"line":12,"column":2},"end":{"line":12,"column":31}},"loc":{"start":{"line":12,"column":56},"end":{"line":12,"column":60}}},"1":{"name":"(anonymous_1)","decl":{"start":{"line":14,"column":2},"end":{"line":14,"column":7}},"loc":{"start":{"line":14,"column":31},"end":{"line":30,"column":3}}},"2":{"name":"(anonymous_2)","decl":{"start":{"line":15,"column":28},"end":{"line":15,"column":33}},"loc":{"start":{"line":15,"column":39},"end":{"line":29,"column":5}}}},"branchMap":{"0":{"loc":{"start":{"line":18,"column":6},"end":{"line":20,"column":7}},"type":"if","locations":[{"start":{"line":18,"column":6},"end":{"line":20,"column":7}},{"start":{},"end":{}}]},"1":{"loc":{"start":{"line":22,"column":6},"end":{"line":24,"column":7}},"type":"if","locations":[{"start":{"line":22,"column":6},"end":{"line":24,"column":7}},{"start":{},"end":{}}]}},"s":{"0":1,"1":6,"2":7,"3":7,"4":7,"5":1,"6":6,"7":1,"8":5,"9":4,"10":4,"11":1},"f":{"0":6,"1":7,"2":7},"b":{"0":[1,6],"1":[1,5]}}
,"/home/user/agiota-discord-bot/src/discord/commands/BaseCommand.ts": {"path":"/home/user/agiota-discord-bot/src/discord/commands/BaseCommand.ts","statementMap":{"0":{"start":{"line":2,"column":0},"end":{"line":2,"column":57}},"1":{"start":{"line":3,"column":0},"end":{"line":3,"column":78}},"2":{"start":{"line":5,"column":12},"end":{"line":5,"column":39}},"3":{"start":{"line":44,"column":65},"end":{"line":44,"column":69}},"4":{"start":{"line":48,"column":20},"end":{"line":50,"column":25}},"5":{"start":{"line":52,"column":38},"end":{"line":52,"column":74}},"6":{"start":{"line":53,"column":4},"end":{"line":57,"column":5}},"7":{"start":{"line":54,"column":22},"end":{"line":54,"column":52}},"8":{"start":{"line":55,"column":6},"end":{"line":55,"column":null}},"9":{"start":{"line":56,"column":6},"end":{"line":56,"column":12}},"10":{"start":{"line":60,"column":19},"end":{"line":60,"column":50}},"11":{"start":{"line":61,"column":4},"end":{"line":65,"column":5}},"12":{"start":{"line":62,"column":23},"end":{"line":62,"column":73}},"13":{"start":{"line":62,"column":52},"end":{"line":62,"column":61}},"14":{"start":{"line":63,"column":6},"end":{"line":63,"column":null}},"15":{"start":{"line":64,"column":6},"end":{"line":64,"column":12}},"16":{"start":{"line":68,"column":4},"end":{"line":73,"column":5}},"17":{"start":{"line":69,"column":6},"end":{"line":69,"column":null}},"18":{"start":{"line":71,"column":6},"end":{"line":71,"column":null}},"19":{"start":{"line":72,"column":6},"end":{"line":72,"column":null}},"20":{"start":{"line":87,"column":4},"end":{"line":88,"column":null}},"21":{"start":{"line":88,"column":6},"end":{"line":88,"column":37}},"22":{"start":{"line":93,"column":4},"end":{"line":94,"column":null}},"23":{"start":{"line":94,"column":6},"end":{"line":94,"column":41}},"24":{"start":{"line":35,"column":0},"end":{"line":35,"column":22}}},"fnMap":{"0":{"name":"(anonymous_0)","decl":{"start":{"line":46,"column":2},"end":{"line":46,"column":7}},"loc":{"start":{"line":46,"column":35},"end":{"line":74,"column":3}}},"1":{"name":"(anonymous_1)","decl":{"start":{"line":62,"column":47},"end":{"line":62,"column":48}},"loc":{"start":{"line":62,"column":52},"end":{"line":62,"column":61}}},"2":{"name":"(anonymous_2)","decl":{"start":{"line":86,"column":2},"end":{"line":86,"column":11}},"loc":{"start":{"line":86,"column":11},"end":{"line":89,"column":3}}},"3":{"name":"(anonymous_3)","decl":{"start":{"line":87,"column":11},"end":{"line":87,"column":16}},"loc":{"start":{"line":88,"column":6},"end":{"line":88,"column":37}}},"4":{"name":"(anonymous_4)","decl":{"start":{"line":92,"column":2},"end":{"line":92,"column":17}},"loc":{"start":{"line":92,"column":17},"end":{"line":95,"column":3}}},"5":{"name":"(anonymous_5)","decl":{"start":{"line":93,"column":11},"end":{"line":93,"column":16}},"loc":{"start":{"line":94,"column":6},"end":{"line":94,"column":41}}}},"branchMap":{"0":{"loc":{"start":{"line":48,"column":20},"end":{"line":50,"column":25}},"type":"cond-expr","locations":[{"start":{"line":49,"column":8},"end":{"line":49,"column":87}},{"start":{"line":50,"column":8},"end":{"line":50,"column":25}}]},"1":{"loc":{"start":{"line":53,"column":4},"end":{"line":57,"column":5}},"type":"if","locations":[{"start":{"line":53,"column":4},"end":{"line":57,"column":5}},{"start":{},"end":{}}]},"2":{"loc":{"start":{"line":61,"column":4},"end":{"line":65,"column":5}},"type":"if","locations":[{"start":{"line":61,"column":4},"end":{"line":65,"column":5}},{"start":{},"end":{}}]}},"s":{"0":2,"1":2,"2":2,"3":15,"4":15,"5":15,"6":15,"7":1,"8":1,"9":1,"10":14,"11":14,"12":1,"13":1,"14":1,"15":1,"16":13,"17":13,"18":1,"19":1,"20":1,"21":1,"22":1,"23":1,"24":2},"f":{"0":15,"1":1,"2":1,"3":1,"4":1,"5":1},"b":{"0":[0,15],"1":[1,14],"2":[1,13]}}
,"/home/user/agiota-discord-bot/src/discord/guards/AdminGuard.ts": {"path":"/home/user/agiota-discord-bot/src/discord/guards/AdminGuard.ts","statementMap":{"0":{"start":{"line":57,"column":0},"end":{"line":57,"column":7}},"1":{"start":{"line":3,"column":0},"end":{"line":3,"column":57}},"2":{"start":{"line":6,"column":12},"end":{"line":6,"column":38}},"3":{"start":{"line":16,"column":31},"end":{"line":16,"column":57}},"4":{"start":{"line":21,"column":28},"end":{"line":21,"column":57}},"5":{"start":{"line":23,"column":4},"end":{"line":34,"column":null}},"6":{"start":{"line":24,"column":21},"end":{"line":24,"column":42}},"7":{"start":{"line":25,"column":22},"end":{"line":25,"column":53}},"8":{"start":{"line":27,"column":6},"end":{"line":31,"column":7}},"9":{"start":{"line":28,"column":8},"end":{"line":28,"column":null}},"10":{"start":{"line":29,"column":8},"end":{"line":29,"column":null}},"11":{"start":{"line":30,"column":8},"end":{"line":30,"column":14}},"12":{"start":{"line":33,"column":6},"end":{"line":33,"column":null}},"13":{"start":{"line":36,"column":4},"end":{"line":36,"column":null}},"14":{"start":{"line":15,"column":0},"end":{"line":15,"column":13}},"15":{"start":{"line":65,"column":2},"end":{"line":70,"column":3}},"16":{"start":{"line":66,"column":4},"end":{"line":66,"column":null}},"17":{"start":{"line":67,"column":4},"end":{"line":67,"column":null}},"18":{"start":{"line":69,"column":4},"end":{"line":69,"column":null}},"19":{"start":{"line":72,"column":19},"end":{"line":72,"column":62}},"20":{"start":{"line":73,"column":19},"end":{"line":73,"column":84}},"21":{"start":{"line":73,"column":57},"end":{"line":73,"column":66}},"22":{"start":{"line":75,"column":2},"end":{"line":81,"column":3}},"23":{"start":{"line":76,"column":4},"end":{"line":76,"column":null}},"24":{"start":{"line":77,"column":4},"end":{"line":79,"column":null}},"25":{"start":{"line":80,"column":4},"end":{"line":80,"column":10}},"26":{"start":{"line":83,"column":2},"end":{"line":87,"column":3}},"27":{"start":{"line":84,"column":4},"end":{"line":84,"column":null}},"28":{"start":{"line":86,"column":4},"end":{"line":86,"column":null}}},"fnMap":{"0":{"name":"(anonymous_0)","decl":{"start":{"line":16,"column":2},"end":{"line":16,"column":31}},"loc":{"start":{"line":16,"column":57},"end":{"line":16,"column":61}}},"1":{"name":"(anonymous_1)","decl":{"start":{"line":18,"column":2},"end":{"line":18,"column":9}},"loc":{"start":{"line":19,"column":33},"end":{"line":37,"column":3}}},"2":{"name":"(anonymous_2)","decl":{"start":{"line":23,"column":22},"end":{"line":23,"column":27}},"loc":{"start":{"line":23,"column":67},"end":{"line":34,"column":5}}},"3":{"name":"requireAdminById","decl":{"start":{"line":57,"column":22},"end":{"line":57,"column":38}},"loc":{"start":{"line":60,"column":61},"end":{"line":88,"column":1}}},"4":{"name":"(anonymous_4)","decl":{"start":{"line":73,"column":51},"end":{"line":73,"column":53}},"loc":{"start":{"line":73,"column":57},"end":{"line":73,"column":66}}}},"branchMap":{"0":{"loc":{"start":{"line":27,"column":6},"end":{"line":31,"column":7}},"type":"if","locations":[{"start":{"line":27,"column":6},"end":{"line":31,"column":7}},{"start":{},"end":{}}]},"1":{"loc":{"start":{"line":65,"column":2},"end":{"line":70,"column":3}},"type":"if","locations":[{"start":{"line":65,"column":2},"end":{"line":70,"column":3}},{"start":{"line":68,"column":9},"end":{"line":70,"column":3}}]},"2":{"loc":{"start":{"line":72,"column":19},"end":{"line":72,"column":62}},"type":"binary-expr","locations":[{"start":{"line":72,"column":19},"end":{"line":72,"column":56}},{"start":{"line":72,"column":60},"end":{"line":72,"column":62}}]},"3":{"loc":{"start":{"line":75,"column":2},"end":{"line":81,"column":3}},"type":"if","locations":[{"start":{"line":75,"column":2},"end":{"line":81,"column":3}},{"start":{},"end":{}}]},"4":{"loc":{"start":{"line":83,"column":2},"end":{"line":87,"column":3}},"type":"if","locations":[{"start":{"line":83,"column":2},"end":{"line":87,"column":3}},{"start":{"line":85,"column":9},"end":{"line":87,"column":3}}]},"5":{"loc":{"start":{"line":83,"column":6},"end":{"line":83,"column":46}},"type":"binary-expr","locations":[{"start":{"line":83,"column":6},"end":{"line":83,"column":24}},{"start":{"line":83,"column":28},"end":{"line":83,"column":46}}]}},"s":{"0":1,"1":1,"2":1,"3":7,"4":7,"5":7,"6":6,"7":6,"8":6,"9":2,"10":2,"11":2,"12":4,"13":7,"14":1,"15":5,"16":2,"17":2,"18":3,"19":5,"20":5,"21":5,"22":5,"23":3,"24":3,"25":3,"26":2,"27":1,"28":1},"f":{"0":7,"1":7,"2":6,"3":5,"4":5},"b":{"0":[2,4],"1":[2,3],"2":[5,1],"3":[3,2],"4":[1,1],"5":[2,1]}}
,"/home/user/agiota-discord-bot/src/discord/guards/AuthorizationService.ts": {"path":"/home/user/agiota-discord-bot/src/discord/guards/AuthorizationService.ts","statementMap":{"0":{"start":{"line":22,"column":4},"end":{"line":27,"column":null}},"1":{"start":{"line":25,"column":19},"end":{"line":25,"column":28}},"2":{"start":{"line":31,"column":4},"end":{"line":31,"column":null}},"3":{"start":{"line":36,"column":4},"end":{"line":36,"column":null}},"4":{"start":{"line":18,"column":0},"end":{"line":18,"column":13}}},"fnMap":{"0":{"name":"(anonymous_0)","decl":{"start":{"line":21,"column":2},"end":{"line":21,"column":14}},"loc":{"start":{"line":21,"column":34},"end":{"line":28,"column":3}}},"1":{"name":"(anonymous_1)","decl":{"start":{"line":25,"column":13},"end":{"line":25,"column":15}},"loc":{"start":{"line":25,"column":19},"end":{"line":25,"column":28}}},"2":{"name":"(anonymous_2)","decl":{"start":{"line":30,"column":2},"end":{"line":30,"column":7}},"loc":{"start":{"line":30,"column":30},"end":{"line":32,"column":3}}},"3":{"name":"(anonymous_3)","decl":{"start":{"line":35,"column":2},"end":{"line":35,"column":6}},"loc":{"start":{"line":35,"column":16},"end":{"line":37,"column":3}}}},"branchMap":{},"s":{"0":13,"1":20,"2":19,"3":2,"4":2},"f":{"0":13,"1":20,"2":19,"3":2},"b":{}}
,"/home/user/agiota-discord-bot/src/discord/guards/RateLimitGuard.ts": {"path":"/home/user/agiota-discord-bot/src/discord/guards/RateLimitGuard.ts","statementMap":{"0":{"start":{"line":1,"column":0},"end":{"line":1,"column":57}},"1":{"start":{"line":3,"column":12},"end":{"line":3,"column":42}},"2":{"start":{"line":35,"column":29},"end":{"line":35,"column":59}},"3":{"start":{"line":38,"column":4},"end":{"line":38,"column":null}},"4":{"start":{"line":39,"column":4},"end":{"line":39,"column":null}},"5":{"start":{"line":47,"column":16},"end":{"line":47,"column":26}},"6":{"start":{"line":48,"column":18},"end":{"line":48,"column":42}},"7":{"start":{"line":50,"column":4},"end":{"line":53,"column":5}},"8":{"start":{"line":51,"column":6},"end":{"line":51,"column":null}},"9":{"start":{"line":52,"column":6},"end":{"line":52,"column":null}},"10":{"start":{"line":55,"column":4},"end":{"line":59,"column":5}},"11":{"start":{"line":56,"column":27},"end":{"line":56,"column":46}},"12":{"start":{"line":57,"column":6},"end":{"line":57,"column":null}},"13":{"start":{"line":58,"column":6},"end":{"line":58,"column":null}},"14":{"start":{"line":61,"column":4},"end":{"line":61,"column":null}},"15":{"start":{"line":62,"column":4},"end":{"line":62,"column":null}},"16":{"start":{"line":67,"column":16},"end":{"line":67,"column":26}},"17":{"start":{"line":68,"column":4},"end":{"line":70,"column":5}},"18":{"start":{"line":69,"column":6},"end":{"line":69,"column":null}},"19":{"start":{"line":69,"column":32},"end":{"line":69,"column":null}},"20":{"start":{"line":75,"column":4},"end":{"line":75,"column":null}},"21":{"start":{"line":32,"column":0},"end":{"line":32,"column":13}},"22":{"start":{"line":80,"column":13},"end":{"line":80,"column":null}}},"fnMap":{"0":{"name":"(anonymous_0)","decl":{"start":{"line":37,"column":2},"end":{"line":37,"column":14}},"loc":{"start":{"line":37,"column":44},"end":{"line":40,"column":3}}},"1":{"name":"(anonymous_1)","decl":{"start":{"line":46,"column":2},"end":{"line":46,"column":7}},"loc":{"start":{"line":46,"column":22},"end":{"line":63,"column":3}}},"2":{"name":"(anonymous_2)","decl":{"start":{"line":66,"column":2},"end":{"line":66,"column":9}},"loc":{"start":{"line":66,"column":9},"end":{"line":71,"column":3}}},"3":{"name":"(anonymous_3)","decl":{"start":{"line":74,"column":2},"end":{"line":74,"column":6}},"loc":{"start":{"line":74,"column":18},"end":{"line":76,"column":3}}}},"branchMap":{"0":{"loc":{"start":{"line":37,"column":14},"end":{"line":37,"column":44}},"type":"default-arg","locations":[{"start":{"line":37,"column":42},"end":{"line":37,"column":44}}]},"1":{"loc":{"start":{"line":38,"column":23},"end":{"line":38,"column":47}},"type":"binary-expr","locations":[{"start":{"line":38,"column":23},"end":{"line":38,"column":42}},{"start":{"line":38,"column":46},"end":{"line":38,"column":47}}]},"2":{"loc":{"start":{"line":39,"column":20},"end":{"line":39,"column":46}},"type":"binary-expr","locations":[{"start":{"line":39,"column":20},"end":{"line":39,"column":36}},{"start":{"line":39,"column":40},"end":{"line":39,"column":46}}]},"3":{"loc":{"start":{"line":50,"column":4},"end":{"line":53,"column":5}},"type":"if","locations":[{"start":{"line":50,"column":4},"end":{"line":53,"column":5}},{"start":{},"end":{}}]},"4":{"loc":{"start":{"line":50,"column":8},"end":{"line":50,"column":38}},"type":"binary-expr","locations":[{"start":{"line":50,"column":8},"end":{"line":50,"column":14}},{"start":{"line":50,"column":18},"end":{"line":50,"column":38}}]},"5":{"loc":{"start":{"line":55,"column":4},"end":{"line":59,"column":5}},"type":"if","locations":[{"start":{"line":55,"column":4},"end":{"line":59,"column":5}},{"start":{},"end":{}}]},"6":{"loc":{"start":{"line":69,"column":6},"end":{"line":69,"column":null}},"type":"if","locations":[{"start":{"line":69,"column":6},"end":{"line":69,"column":null}},{"start":{},"end":{}}]}},"s":{"0":3,"1":3,"2":11,"3":11,"4":11,"5":33,"6":33,"7":33,"8":21,"9":21,"10":12,"11":5,"12":5,"13":5,"14":7,"15":7,"16":2,"17":2,"18":3,"19":2,"20":3,"21":3,"22":3},"f":{"0":11,"1":33,"2":2,"3":3},"b":{"0":[0],"1":[11,0],"2":[11,0],"3":[21,12],"4":[33,13],"5":[5,7],"6":[2,1]}}
,"/home/user/agiota-discord-bot/src/domain/debt/Debt.ts": {"path":"/home/user/agiota-discord-bot/src/domain/debt/Debt.ts","statementMap":{"0":{"start":{"line":1,"column":0},"end":{"line":1,"column":35}},"1":{"start":{"line":22,"column":4},"end":{"line":22,"column":null}},"2":{"start":{"line":23,"column":4},"end":{"line":23,"column":null}},"3":{"start":{"line":24,"column":4},"end":{"line":24,"column":null}},"4":{"start":{"line":25,"column":4},"end":{"line":25,"column":null}},"5":{"start":{"line":26,"column":4},"end":{"line":26,"column":null}},"6":{"start":{"line":30,"column":4},"end":{"line":30,"column":null}},"7":{"start":{"line":30,"column":20},"end":{"line":30,"column":null}},"8":{"start":{"line":31,"column":4},"end":{"line":31,"column":null}},"9":{"start":{"line":31,"column":24},"end":{"line":31,"column":null}},"10":{"start":{"line":33,"column":4},"end":{"line":39,"column":null}},"11":{"start":{"line":44,"column":4},"end":{"line":44,"column":null}},"12":{"start":{"line":14,"column":0},"end":{"line":14,"column":13}},"13":{"start":{"line":63,"column":4},"end":{"line":63,"column":null}},"14":{"start":{"line":64,"column":4},"end":{"line":64,"column":null}},"15":{"start":{"line":65,"column":4},"end":{"line":65,"column":null}},"16":{"start":{"line":69,"column":4},"end":{"line":69,"column":null}},"17":{"start":{"line":69,"column":20},"end":{"line":69,"column":null}},"18":{"start":{"line":71,"column":4},"end":{"line":71,"column":null}},"19":{"start":{"line":75,"column":4},"end":{"line":75,"column":null}},"20":{"start":{"line":57,"column":0},"end":{"line":57,"column":13}}},"fnMap":{"0":{"name":"(anonymous_0)","decl":{"start":{"line":21,"column":2},"end":{"line":21,"column":22}},"loc":{"start":{"line":21,"column":38},"end":{"line":27,"column":3}}},"1":{"name":"(anonymous_1)","decl":{"start":{"line":29,"column":2},"end":{"line":29,"column":8}},"loc":{"start":{"line":29,"column":66},"end":{"line":40,"column":3}}},"2":{"name":"(anonymous_2)","decl":{"start":{"line":43,"column":2},"end":{"line":43,"column":8}},"loc":{"start":{"line":43,"column":38},"end":{"line":45,"column":3}}},"3":{"name":"(anonymous_3)","decl":{"start":{"line":62,"column":2},"end":{"line":62,"column":22}},"loc":{"start":{"line":62,"column":41},"end":{"line":66,"column":3}}},"4":{"name":"(anonymous_4)","decl":{"start":{"line":68,"column":2},"end":{"line":68,"column":8}},"loc":{"start":{"line":68,"column":29},"end":{"line":72,"column":3}}},"5":{"name":"(anonymous_5)","decl":{"start":{"line":74,"column":2},"end":{"line":74,"column":8}},"loc":{"start":{"line":74,"column":41},"end":{"line":76,"column":3}}}},"branchMap":{"0":{"loc":{"start":{"line":30,"column":4},"end":{"line":30,"column":null}},"type":"if","locations":[{"start":{"line":30,"column":4},"end":{"line":30,"column":null}},{"start":{},"end":{}}]},"1":{"loc":{"start":{"line":31,"column":4},"end":{"line":31,"column":null}},"type":"if","locations":[{"start":{"line":31,"column":4},"end":{"line":31,"column":null}},{"start":{},"end":{}}]},"2":{"loc":{"start":{"line":69,"column":4},"end":{"line":69,"column":null}},"type":"if","locations":[{"start":{"line":69,"column":4},"end":{"line":69,"column":null}},{"start":{},"end":{}}]}},"s":{"0":3,"1":23,"2":23,"3":23,"4":23,"5":23,"6":28,"7":4,"8":24,"9":1,"10":23,"11":0,"12":3,"13":11,"14":11,"15":11,"16":11,"17":0,"18":11,"19":0,"20":3},"f":{"0":23,"1":28,"2":0,"3":11,"4":11,"5":0},"b":{"0":[4,24],"1":[1,23],"2":[0,11]}}
,"/home/user/agiota-discord-bot/src/domain/debt/DebtUser.ts": {"path":"/home/user/agiota-discord-bot/src/domain/debt/DebtUser.ts","statementMap":{"0":{"start":{"line":1,"column":0},"end":{"line":1,"column":38}},"1":{"start":{"line":12,"column":13},"end":{"line":12,"column":27}},"2":{"start":{"line":13,"column":21},"end":{"line":13,"column":48}},"3":{"start":{"line":14,"column":21},"end":{"line":14,"column":54}},"4":{"start":{"line":16,"column":4},"end":{"line":16,"column":null}},"5":{"start":{"line":16,"column":24},"end":{"line":16,"column":null}},"6":{"start":{"line":20,"column":4},"end":{"line":20,"column":null}},"7":{"start":{"line":24,"column":4},"end":{"line":24,"column":null}},"8":{"start":{"line":28,"column":4},"end":{"line":28,"column":null}},"9":{"start":{"line":28,"column":42},"end":{"line":28,"column":55}},"10":{"start":{"line":32,"column":4},"end":{"line":32,"column":null}},"11":{"start":{"line":32,"column":45},"end":{"line":32,"column":58}},"12":{"start":{"line":39,"column":4},"end":{"line":39,"column":null}},"13":{"start":{"line":43,"column":4},"end":{"line":43,"column":null}},"14":{"start":{"line":50,"column":17},"end":{"line":50,"column":56}},"15":{"start":{"line":51,"column":4},"end":{"line":51,"column":null}},"16":{"start":{"line":58,"column":4},"end":{"line":58,"column":null}},"17":{"start":{"line":58,"column":20},"end":{"line":58,"column":null}},"18":{"start":{"line":59,"column":20},"end":{"line":59,"column":41}},"19":{"start":{"line":60,"column":4},"end":{"line":60,"column":null}},"20":{"start":{"line":10,"column":0},"end":{"line":10,"column":13}}},"fnMap":{"0":{"name":"(anonymous_0)","decl":{"start":{"line":11,"column":2},"end":{"line":11,"column":null}},"loc":{"start":{"line":14,"column":54},"end":{"line":17,"column":3}}},"1":{"name":"(anonymous_1)","decl":{"start":{"line":19,"column":2},"end":{"line":19,"column":6}},"loc":{"start":{"line":19,"column":11},"end":{"line":21,"column":3}}},"2":{"name":"(anonymous_2)","decl":{"start":{"line":23,"column":2},"end":{"line":23,"column":6}},"loc":{"start":{"line":23,"column":14},"end":{"line":25,"column":3}}},"3":{"name":"(anonymous_3)","decl":{"start":{"line":27,"column":2},"end":{"line":27,"column":6}},"loc":{"start":{"line":27,"column":16},"end":{"line":29,"column":3}}},"4":{"name":"(anonymous_4)","decl":{"start":{"line":28,"column":30},"end":{"line":28,"column":31}},"loc":{"start":{"line":28,"column":42},"end":{"line":28,"column":55}}},"5":{"name":"(anonymous_5)","decl":{"start":{"line":31,"column":2},"end":{"line":31,"column":6}},"loc":{"start":{"line":31,"column":15},"end":{"line":33,"column":3}}},"6":{"name":"(anonymous_6)","decl":{"start":{"line":32,"column":33},"end":{"line":32,"column":34}},"loc":{"start":{"line":32,"column":45},"end":{"line":32,"column":58}}},"7":{"name":"(anonymous_7)","decl":{"start":{"line":38,"column":2},"end":{"line":38,"column":6}},"loc":{"start":{"line":38,"column":15},"end":{"line":40,"column":3}}},"8":{"name":"(anonymous_8)","decl":{"start":{"line":42,"column":2},"end":{"line":42,"column":6}},"loc":{"start":{"line":42,"column":19},"end":{"line":44,"column":3}}},"9":{"name":"(anonymous_9)","decl":{"start":{"line":49,"column":2},"end":{"line":49,"column":9}},"loc":{"start":{"line":49,"column":60},"end":{"line":52,"column":3}}},"10":{"name":"(anonymous_10)","decl":{"start":{"line":57,"column":2},"end":{"line":57,"column":15}},"loc":{"start":{"line":57,"column":29},"end":{"line":61,"column":3}}}},"branchMap":{"0":{"loc":{"start":{"line":16,"column":4},"end":{"line":16,"column":null}},"type":"if","locations":[{"start":{"line":16,"column":4},"end":{"line":16,"column":null}},{"start":{},"end":{}}]},"1":{"loc":{"start":{"line":58,"column":4},"end":{"line":58,"column":null}},"type":"if","locations":[{"start":{"line":58,"column":4},"end":{"line":58,"column":null}},{"start":{},"end":{}}]}},"s":{"0":3,"1":62,"2":62,"3":62,"4":62,"5":1,"6":1,"7":0,"8":29,"9":28,"10":30,"11":16,"12":28,"13":13,"14":28,"15":23,"16":13,"17":2,"18":11,"19":11,"20":3},"f":{"0":62,"1":1,"2":0,"3":29,"4":28,"5":30,"6":16,"7":28,"8":13,"9":28,"10":13},"b":{"0":[1,61],"1":[2,11]}}
,"/home/user/agiota-discord-bot/src/domain/shared/Result.ts": {"path":"/home/user/agiota-discord-bot/src/domain/shared/Result.ts","statementMap":{"0":{"start":{"line":25,"column":13},"end":{"line":48,"column":null}},"1":{"start":{"line":27,"column":4},"end":{"line":27,"column":null}},"2":{"start":{"line":31,"column":4},"end":{"line":31,"column":null}},"3":{"start":{"line":42,"column":4},"end":{"line":46,"column":5}},"4":{"start":{"line":43,"column":6},"end":{"line":43,"column":null}},"5":{"start":{"line":45,"column":6},"end":{"line":45,"column":null}}},"fnMap":{"0":{"name":"(anonymous_0)","decl":{"start":{"line":26,"column":2},"end":{"line":26,"column":4}},"loc":{"start":{"line":26,"column":16},"end":{"line":28,"column":3}}},"1":{"name":"(anonymous_1)","decl":{"start":{"line":30,"column":2},"end":{"line":30,"column":5}},"loc":{"start":{"line":30,"column":31},"end":{"line":32,"column":3}}},"2":{"name":"(anonymous_2)","decl":{"start":{"line":41,"column":2},"end":{"line":41,"column":7}},"loc":{"start":{"line":41,"column":41},"end":{"line":47,"column":3}}}},"branchMap":{"0":{"loc":{"start":{"line":45,"column":24},"end":{"line":45,"column":75}},"type":"cond-expr","locations":[{"start":{"line":45,"column":47},"end":{"line":45,"column":50}},{"start":{"line":45,"column":53},"end":{"line":45,"column":75}}]}},"s":{"0":3,"1":17,"2":9,"3":22,"4":22,"5":7},"f":{"0":17,"1":9,"2":22},"b":{"0":[6,1]}}
,"/home/user/agiota-discord-bot/src/services/ai/ChatSessionService.ts": {"path":"/home/user/agiota-discord-bot/src/services/ai/ChatSessionService.ts","statementMap":{"0":{"start":{"line":1,"column":0},"end":{"line":1,"column":57}},"1":{"start":{"line":3,"column":12},"end":{"line":3,"column":46}},"2":{"start":{"line":27,"column":30},"end":{"line":27,"column":95}},"3":{"start":{"line":32,"column":4},"end":{"line":32,"column":null}},"4":{"start":{"line":33,"column":4},"end":{"line":33,"column":63}},"5":{"start":{"line":38,"column":33},"end":{"line":41,"column":null}},"6":{"start":{"line":42,"column":4},"end":{"line":42,"column":null}},"7":{"start":{"line":43,"column":4},"end":{"line":43,"column":null}},"8":{"start":{"line":44,"column":4},"end":{"line":44,"column":null}},"9":{"start":{"line":49,"column":18},"end":{"line":49,"column":45}},"10":{"start":{"line":50,"column":4},"end":{"line":50,"column":null}},"11":{"start":{"line":50,"column":16},"end":{"line":50,"column":null}},"12":{"start":{"line":51,"column":4},"end":{"line":51,"column":null}},"13":{"start":{"line":52,"column":4},"end":{"line":52,"column":null}},"14":{"start":{"line":60,"column":18},"end":{"line":60,"column":45}},"15":{"start":{"line":61,"column":4},"end":{"line":61,"column":null}},"16":{"start":{"line":61,"column":16},"end":{"line":61,"column":null}},"17":{"start":{"line":63,"column":21},"end":{"line":63,"column":67}},"18":{"start":{"line":66,"column":20},"end":{"line":68,"column":16}},"19":{"start":{"line":70,"column":33},"end":{"line":70,"column":64}},"20":{"start":{"line":71,"column":4},"end":{"line":71,"column":null}},"21":{"start":{"line":72,"column":4},"end":{"line":72,"column":null}},"22":{"start":{"line":73,"column":4},"end":{"line":73,"column":null}},"23":{"start":{"line":78,"column":16},"end":{"line":78,"column":26}},"24":{"start":{"line":79,"column":17},"end":{"line":79,"column":18}},"25":{"start":{"line":80,"column":4},"end":{"line":85,"column":5}},"26":{"start":{"line":81,"column":6},"end":{"line":84,"column":7}},"27":{"start":{"line":82,"column":8},"end":{"line":82,"column":null}},"28":{"start":{"line":83,"column":8},"end":{"line":83,"column":null}},"29":{"start":{"line":86,"column":4},"end":{"line":86,"column":null}},"30":{"start":{"line":86,"column":20},"end":{"line":86,"column":null}},"31":{"start":{"line":87,"column":4},"end":{"line":87,"column":null}},"32":{"start":{"line":91,"column":4},"end":{"line":91,"column":null}},"33":{"start":{"line":26,"column":0},"end":{"line":26,"column":13}},"34":{"start":{"line":96,"column":13},"end":{"line":96,"column":null}}},"fnMap":{"0":{"name":"(anonymous_0)","decl":{"start":{"line":31,"column":2},"end":{"line":31,"column":14}},"loc":{"start":{"line":31,"column":75},"end":{"line":34,"column":3}}},"1":{"name":"(anonymous_1)","decl":{"start":{"line":37,"column":2},"end":{"line":37,"column":15}},"loc":{"start":{"line":37,"column":56},"end":{"line":45,"column":3}}},"2":{"name":"(anonymous_2)","decl":{"start":{"line":48,"column":2},"end":{"line":48,"column":12}},"loc":{"start":{"line":48,"column":29},"end":{"line":53,"column":3}}},"3":{"name":"(anonymous_3)","decl":{"start":{"line":59,"column":2},"end":{"line":59,"column":12}},"loc":{"start":{"line":59,"column":74},"end":{"line":74,"column":3}}},"4":{"name":"(anonymous_4)","decl":{"start":{"line":77,"column":2},"end":{"line":77,"column":14}},"loc":{"start":{"line":77,"column":14},"end":{"line":88,"column":3}}},"5":{"name":"(anonymous_5)","decl":{"start":{"line":90,"column":2},"end":{"line":90,"column":6}},"loc":{"start":{"line":90,"column":24},"end":{"line":92,"column":3}}}},"branchMap":{"0":{"loc":{"start":{"line":31,"column":14},"end":{"line":31,"column":75}},"type":"default-arg","locations":[{"start":{"line":31,"column":73},"end":{"line":31,"column":75}}]},"1":{"loc":{"start":{"line":32,"column":23},"end":{"line":32,"column":48}},"type":"binary-expr","locations":[{"start":{"line":32,"column":23},"end":{"line":32,"column":42}},{"start":{"line":32,"column":46},"end":{"line":32,"column":48}}]},"2":{"loc":{"start":{"line":33,"column":24},"end":{"line":33,"column":62}},"type":"binary-expr","locations":[{"start":{"line":33,"column":24},"end":{"line":33,"column":44}},{"start":{"line":33,"column":48},"end":{"line":33,"column":62}}]},"3":{"loc":{"start":{"line":50,"column":4},"end":{"line":50,"column":null}},"type":"if","locations":[{"start":{"line":50,"column":4},"end":{"line":50,"column":null}},{"start":{},"end":{}}]},"4":{"loc":{"start":{"line":61,"column":4},"end":{"line":61,"column":null}},"type":"if","locations":[{"start":{"line":61,"column":4},"end":{"line":61,"column":null}},{"start":{},"end":{}}]},"5":{"loc":{"start":{"line":66,"column":20},"end":{"line":68,"column":16}},"type":"cond-expr","locations":[{"start":{"line":67,"column":8},"end":{"line":67,"column":66}},{"start":{"line":68,"column":8},"end":{"line":68,"column":16}}]},"6":{"loc":{"start":{"line":81,"column":6},"end":{"line":84,"column":7}},"type":"if","locations":[{"start":{"line":81,"column":6},"end":{"line":84,"column":7}},{"start":{},"end":{}}]},"7":{"loc":{"start":{"line":86,"column":4},"end":{"line":86,"column":null}},"type":"if","locations":[{"start":{"line":86,"column":4},"end":{"line":86,"column":null}},{"start":{},"end":{}}]}},"s":{"0":1,"1":1,"2":13,"3":13,"4":13,"5":10,"6":10,"7":10,"8":10,"9":5,"10":5,"11":1,"12":4,"13":4,"14":7,"15":7,"16":1,"17":6,"18":6,"19":6,"20":6,"21":6,"22":6,"23":3,"24":3,"25":3,"26":3,"27":2,"28":2,"29":3,"30":1,"31":3,"32":4,"33":1,"34":1},"f":{"0":13,"1":10,"2":5,"3":7,"4":3,"5":4},"b":{"0":[1],"1":[13,1],"2":[13,1],"3":[1,4],"4":[1,6],"5":[1,5],"6":[2,1],"7":[1,2]}}
,"/home/user/agiota-discord-bot/src/shared/logger/Logger.ts": {"path":"/home/user/agiota-discord-bot/src/shared/logger/Logger.ts","statementMap":{"0":{"start":{"line":39,"column":0},"end":{"line":39,"column":16}},"1":{"start":{"line":1,"column":0},"end":{"line":1,"column":23}},"2":{"start":{"line":3,"column":15},"end":{"line":3,"column":46}},"3":{"start":{"line":17,"column":13},"end":{"line":29,"column":null}},"4":{"start":{"line":40,"column":2},"end":{"line":40,"column":null}}},"fnMap":{"0":{"name":"createLogger","decl":{"start":{"line":39,"column":16},"end":{"line":39,"column":28}},"loc":{"start":{"line":39,"column":43},"end":{"line":41,"column":1}}}},"branchMap":{"0":{"loc":{"start":{"line":18,"column":9},"end":{"line":18,"column":34}},"type":"cond-expr","locations":[{"start":{"line":18,"column":18},"end":{"line":18,"column":24}},{"start":{"line":18,"column":27},"end":{"line":18,"column":34}}]},"1":{"loc":{"start":{"line":19,"column":13},"end":{"line":28,"column":15}},"type":"cond-expr","locations":[{"start":{"line":20,"column":6},"end":{"line":27,"column":null}},{"start":{"line":28,"column":6},"end":{"line":28,"column":15}}]}},"s":{"0":4,"1":4,"2":4,"3":4,"4":7},"f":{"0":7},"b":{"0":[0,4],"1":[4,0]}}
}
