TN:
SF:src/application/debt/AddDebtUseCase.ts
FN:15,(anonymous_0)
FN:17,(anonymous_1)
FN:18,(anonymous_2)
FNF:3
FNH:3
FNDA:11,(anonymous_0)
FNDA:12,(anonymous_1)
FNDA:12,(anonymous_2)
DA:2,2
DA:3,2
DA:14,2
DA:15,11
DA:18,12
DA:19,12
DA:20,12
DA:21,12
DA:22,10
DA:23,10
LF:10
LH:10
BRDA:20,0,0,12
BRDA:20,0,1,11
BRF:2
BRH:2
end_of_record
TN:
SF:src/application/debt/PayDebtUseCase.ts
FN:12,(anonymous_0)
FN:14,(anonymous_1)
FN:15,(anonymous_2)
FNF:3
FNH:3
FNDA:6,(anonymous_0)
FNDA:7,(anonymous_1)
FNDA:7,(anonymous_2)
DA:3,1
DA:11,1
DA:12,6
DA:15,7
DA:16,7
DA:18,7
DA:19,1
DA:22,6
DA:23,1
DA:26,5
DA:27,4
DA:28,4
LF:12
LH:12
BRDA:18,0,0,1
BRDA:18,0,1,6
BRDA:22,1,0,1
BRDA:22,1,1,5
BRF:4
BRH:4
end_of_record
TN:
SF:src/discord/commands/BaseCommand.ts
FN:46,(anonymous_0)
FN:62,(anonymous_1)
FN:86,(anonymous_2)
FN:87,(anonymous_3)
FN:92,(anonymous_4)
FN:93,(anonymous_5)
FNF:6
FNH:6
FNDA:15,(anonymous_0)
FNDA:1,(anonymous_1)
FNDA:1,(anonymous_2)
FNDA:1,(anonymous_3)
FNDA:1,(anonymous_4)
FNDA:1,(anonymous_5)
DA:2,2
DA:3,2
DA:5,2
DA:35,2
DA:44,15
DA:48,15
DA:52,15
DA:53,15
DA:54,1
DA:55,1
DA:56,1
DA:60,14
DA:61,14
DA:62,1
DA:63,1
DA:64,1
DA:68,13
DA:69,13
DA:71,1
DA:72,1
DA:87,1
DA:88,1
DA:93,1
DA:94,1
LF:24
LH:24
BRDA:48,0,0,0
BRDA:48,0,1,15
BRDA:53,1,0,1
BRDA:53,1,1,14
BRDA:61,2,0,1
BRDA:61,2,1,13
BRF:6
BRH:5
end_of_record
TN:
SF:src/discord/guards/AdminGuard.ts
FN:16,(anonymous_0)
FN:18,(anonymous_1)
FN:23,(anonymous_2)
FN:57,requireAdminById
FN:73,(anonymous_4)
FNF:5
FNH:5
FNDA:7,(anonymous_0)
FNDA:7,(anonymous_1)
FNDA:6,(anonymous_2)
FNDA:5,requireAdminById
FNDA:5,(anonymous_4)
DA:3,1
DA:6,1
DA:15,1
DA:16,7
DA:21,7
DA:23,7
DA:24,6
DA:25,6
DA:27,6
DA:28,2
DA:29,2
DA:30,2
DA:33,4
DA:36,7
DA:57,1
DA:65,5
DA:66,2
DA:67,2
DA:69,3
DA:72,5
DA:73,5
DA:75,5
DA:76,3
DA:77,3
DA:80,3
DA:83,2
DA:84,1
DA:86,1
LF:28
LH:28
BRDA:27,0,0,2
BRDA:27,0,1,4
BRDA:65,1,0,2
BRDA:65,1,1,3
BRDA:72,2,0,5
BRDA:72,2,1,1
BRDA:75,3,0,3
BRDA:75,3,1,2
BRDA:83,4,0,1
BRDA:83,4,1,1
BRDA:83,5,0,2
BRDA:83,5,1,1
BRF:12
BRH:12
end_of_record
TN:
SF:src/discord/guards/AuthorizationService.ts
FN:21,(anonymous_0)
FN:25,(anonymous_1)
FN:30,(anonymous_2)
FN:35,(anonymous_3)
FNF:4
FNH:4
FNDA:13,(anonymous_0)
FNDA:20,(anonymous_1)
FNDA:19,(anonymous_2)
FNDA:2,(anonymous_3)
DA:18,2
DA:22,13
DA:25,20
DA:31,19
DA:36,2
LF:5
LH:5
BRF:0
BRH:0
end_of_record
TN:
SF:src/discord/guards/RateLimitGuard.ts
FN:37,(anonymous_0)
FN:46,(anonymous_1)
FN:66,(anonymous_2)
FN:74,(anonymous_3)
FNF:4
FNH:4
FNDA:11,(anonymous_0)
FNDA:33,(anonymous_1)
FNDA:2,(anonymous_2)
FNDA:3,(anonymous_3)
DA:1,3
DA:3,3
DA:32,3
DA:35,11
DA:38,11
DA:39,11
DA:47,33
DA:48,33
DA:50,33
DA:51,21
DA:52,21
DA:55,12
DA:56,5
DA:57,5
DA:58,5
DA:61,7
DA:62,7
DA:67,2
DA:68,2
DA:69,3
DA:75,3
DA:80,3
LF:22
LH:22
BRDA:37,0,0,0
BRDA:38,1,0,11
BRDA:38,1,1,0
BRDA:39,2,0,11
BRDA:39,2,1,0
BRDA:50,3,0,21
BRDA:50,3,1,12
BRDA:50,4,0,33
BRDA:50,4,1,13
BRDA:55,5,0,5
BRDA:55,5,1,7
BRDA:69,6,0,2
BRDA:69,6,1,1
BRF:13
BRH:10
end_of_record
TN:
SF:src/domain/debt/Debt.ts
FN:21,(anonymous_0)
FN:29,(anonymous_1)
FN:43,(anonymous_2)
FN:62,(anonymous_3)
FN:68,(anonymous_4)
FN:74,(anonymous_5)
FNF:6
FNH:4
FNDA:23,(anonymous_0)
FNDA:28,(anonymous_1)
FNDA:0,(anonymous_2)
FNDA:11,(anonymous_3)
FNDA:11,(anonymous_4)
FNDA:0,(anonymous_5)
DA:1,3
DA:14,3
DA:22,23
DA:23,23
DA:24,23
DA:25,23
DA:26,23
DA:30,28
DA:31,24
DA:33,23
DA:44,0
DA:57,3
DA:63,11
DA:64,11
DA:65,11
DA:69,11
DA:71,11
DA:75,0
LF:18
LH:16
BRDA:30,0,0,4
BRDA:30,0,1,24
BRDA:31,1,0,1
BRDA:31,1,1,23
BRDA:69,2,0,0
BRDA:69,2,1,11
BRF:6
BRH:5
end_of_record
TN:
SF:src/domain/debt/DebtUser.ts
FN:11,(anonymous_0)
FN:19,(anonymous_1)
FN:23,(anonymous_2)
FN:27,(anonymous_3)
FN:28,(anonymous_4)
FN:31,(anonymous_5)
FN:32,(anonymous_6)
FN:38,(anonymous_7)
FN:42,(anonymous_8)
FN:49,(anonymous_9)
FN:57,(anonymous_10)
FNF:11
FNH:10
FNDA:62,(anonymous_0)
FNDA:1,(anonymous_1)
FNDA:0,(anonymous_2)
FNDA:29,(anonymous_3)
FNDA:28,(anonymous_4)
FNDA:30,(anonymous_5)
FNDA:16,(anonymous_6)
FNDA:28,(anonymous_7)
FNDA:13,(anonymous_8)
FNDA:28,(anonymous_9)
FNDA:13,(anonymous_10)
DA:1,3
DA:10,3
DA:12,62
DA:13,62
DA:14,62
DA:16,62
DA:20,1
DA:24,0
DA:28,29
DA:32,30
DA:39,28
DA:43,13
DA:50,28
DA:51,23
DA:58,13
DA:59,11
DA:60,11
LF:17
LH:16
BRDA:16,0,0,1
BRDA:16,0,1,61
BRDA:58,1,0,2
BRDA:58,1,1,11
BRF:4
BRH:4
end_of_record
TN:
SF:src/domain/shared/Result.ts
FN:26,(anonymous_0)
FN:30,(anonymous_1)
FN:41,(anonymous_2)
FNF:3
FNH:3
FNDA:17,(anonymous_0)
FNDA:9,(anonymous_1)
FNDA:22,(anonymous_2)
DA:25,3
DA:27,17
DA:31,9
DA:42,22
DA:43,22
DA:45,7
LF:6
LH:6
BRDA:45,0,0,6
BRDA:45,0,1,1
BRF:2
BRH:2
end_of_record
TN:
SF:src/services/ai/ChatSessionService.ts
FN:31,(anonymous_0)
FN:37,(anonymous_1)
FN:48,(anonymous_2)
FN:59,(anonymous_3)
FN:77,(anonymous_4)
FN:90,(anonymous_5)
FNF:6
FNH:6
FNDA:13,(anonymous_0)
FNDA:10,(anonymous_1)
FNDA:5,(anonymous_2)
FNDA:7,(anonymous_3)
FNDA:3,(anonymous_4)
FNDA:4,(anonymous_5)
DA:1,1
DA:3,1
DA:26,1
DA:27,13
DA:32,13
DA:33,13
DA:38,10
DA:42,10
DA:43,10
DA:44,10
DA:49,5
DA:50,5
DA:51,4
DA:52,4
DA:60,7
DA:61,7
DA:63,6
DA:66,6
DA:70,6
DA:71,6
DA:72,6
DA:73,6
DA:78,3
DA:79,3
DA:80,3
DA:81,3
DA:82,2
DA:83,2
DA:86,3
DA:87,3
DA:91,4
DA:96,1
LF:32
LH:32
BRDA:31,0,0,1
BRDA:32,1,0,13
BRDA:32,1,1,1
BRDA:33,2,0,13
BRDA:33,2,1,1
BRDA:50,3,0,1
BRDA:50,3,1,4
BRDA:61,4,0,1
BRDA:61,4,1,6
BRDA:66,5,0,1
BRDA:66,5,1,5
BRDA:81,6,0,2
BRDA:81,6,1,1
BRDA:86,7,0,1
BRDA:86,7,1,2
BRF:15
BRH:15
end_of_record
TN:
SF:src/shared/logger/Logger.ts
FN:39,createLogger
FNF:1
FNH:1
FNDA:7,createLogger
DA:1,4
DA:3,4
DA:17,4
DA:39,4
DA:40,7
LF:5
LH:5
BRDA:18,0,0,0
BRDA:18,0,1,4
BRDA:19,1,0,4
BRDA:19,1,1,0
BRF:4
BRH:2
end_of_record
